<?xml version="1.0" encoding="UTF-8"?>
<testsuite xmlns:xsi="http://www.w3.org/2001/XMLSchema-instance" xsi:noNamespaceSchemaLocation="https://maven.apache.org/surefire/maven-surefire-plugin/xsd/surefire-test-report-3.0.xsd" version="3.0" name="TestSuite" time="177.476" tests="22" errors="0" skipped="21" failures="1">
  <properties>
    <property name="sun.desktop" value="windows"/>
    <property name="awt.toolkit" value="sun.awt.windows.WToolkit"/>
    <property name="java.specification.version" value="11"/>
    <property name="sun.cpu.isalist" value="amd64"/>
    <property name="sun.jnu.encoding" value="Cp1252"/>
    <property name="java.class.path" value="C:\code\AppiumFrameworkSurgir3\target\test-classes;C:\code\AppiumFrameworkSurgir3\target\classes;C:\Users\meto\.m2\repository\junit\junit\4.11\junit-4.11.jar;C:\Users\meto\.m2\repository\org\hamcrest\hamcrest-core\1.3\hamcrest-core-1.3.jar;C:\Users\meto\.m2\repository\io\appium\java-client\8.3.0\java-client-8.3.0.jar;C:\Users\meto\.m2\repository\org\seleniumhq\selenium\selenium-api\4.10.0\selenium-api-4.10.0.jar;C:\Users\meto\.m2\repository\org\seleniumhq\selenium\selenium-remote-driver\4.10.0\selenium-remote-driver-4.10.0.jar;C:\Users\meto\.m2\repository\io\netty\netty-buffer\4.1.92.Final\netty-buffer-4.1.92.Final.jar;C:\Users\meto\.m2\repository\io\netty\netty-codec-http\4.1.92.Final\netty-codec-http-4.1.92.Final.jar;C:\Users\meto\.m2\repository\io\netty\netty-codec\4.1.92.Final\netty-codec-4.1.92.Final.jar;C:\Users\meto\.m2\repository\io\netty\netty-handler\4.1.92.Final\netty-handler-4.1.92.Final.jar;C:\Users\meto\.m2\repository\io\netty\netty-common\4.1.92.Final\netty-common-4.1.92.Final.jar;C:\Users\meto\.m2\repository\io\netty\netty-transport-classes-epoll\4.1.92.Final\netty-transport-classes-epoll-4.1.92.Final.jar;C:\Users\meto\.m2\repository\io\netty\netty-transport-classes-kqueue\4.1.92.Final\netty-transport-classes-kqueue-4.1.92.Final.jar;C:\Users\meto\.m2\repository\io\netty\netty-transport-native-epoll\4.1.92.Final\netty-transport-native-epoll-4.1.92.Final.jar;C:\Users\meto\.m2\repository\io\netty\netty-transport-native-kqueue\4.1.92.Final\netty-transport-native-kqueue-4.1.92.Final.jar;C:\Users\meto\.m2\repository\io\netty\netty-transport-native-unix-common\4.1.92.Final\netty-transport-native-unix-common-4.1.92.Final.jar;C:\Users\meto\.m2\repository\io\netty\netty-transport\4.1.92.Final\netty-transport-4.1.92.Final.jar;C:\Users\meto\.m2\repository\io\netty\netty-resolver\4.1.92.Final\netty-resolver-4.1.92.Final.jar;C:\Users\meto\.m2\repository\io\opentelemetry\opentelemetry-api\1.26.0\opentelemetry-api-1.26.0.jar;C:\Users\meto\.m2\repository\io\opentelemetry\opentelemetry-context\1.26.0\opentelemetry-context-1.26.0.jar;C:\Users\meto\.m2\repository\io\opentelemetry\opentelemetry-exporter-logging\1.26.0\opentelemetry-exporter-logging-1.26.0.jar;C:\Users\meto\.m2\repository\io\opentelemetry\opentelemetry-sdk-metrics\1.26.0\opentelemetry-sdk-metrics-1.26.0.jar;C:\Users\meto\.m2\repository\io\opentelemetry\opentelemetry-extension-incubator\1.26.0-alpha\opentelemetry-extension-incubator-1.26.0-alpha.jar;C:\Users\meto\.m2\repository\io\opentelemetry\opentelemetry-sdk-logs\1.26.0-alpha\opentelemetry-sdk-logs-1.26.0-alpha.jar;C:\Users\meto\.m2\repository\io\opentelemetry\opentelemetry-api-logs\1.26.0-alpha\opentelemetry-api-logs-1.26.0-alpha.jar;C:\Users\meto\.m2\repository\io\opentelemetry\opentelemetry-api-events\1.26.0-alpha\opentelemetry-api-events-1.26.0-alpha.jar;C:\Users\meto\.m2\repository\io\opentelemetry\opentelemetry-sdk-common\1.26.0\opentelemetry-sdk-common-1.26.0.jar;C:\Users\meto\.m2\repository\io\opentelemetry\opentelemetry-sdk-extension-autoconfigure-spi\1.26.0\opentelemetry-sdk-extension-autoconfigure-spi-1.26.0.jar;C:\Users\meto\.m2\repository\io\opentelemetry\opentelemetry-sdk-extension-autoconfigure\1.26.0-alpha\opentelemetry-sdk-extension-autoconfigure-1.26.0-alpha.jar;C:\Users\meto\.m2\repository\io\opentelemetry\opentelemetry-sdk-trace\1.26.0\opentelemetry-sdk-trace-1.26.0.jar;C:\Users\meto\.m2\repository\io\opentelemetry\opentelemetry-sdk\1.26.0\opentelemetry-sdk-1.26.0.jar;C:\Users\meto\.m2\repository\io\opentelemetry\opentelemetry-semconv\1.26.0-alpha\opentelemetry-semconv-1.26.0-alpha.jar;C:\Users\meto\.m2\repository\org\apache\commons\commons-exec\1.3\commons-exec-1.3.jar;C:\Users\meto\.m2\repository\org\asynchttpclient\async-http-client\2.12.3\async-http-client-2.12.3.jar;C:\Users\meto\.m2\repository\org\asynchttpclient\async-http-client-netty-utils\2.12.3\async-http-client-netty-utils-2.12.3.jar;C:\Users\meto\.m2\repository\io\netty\netty-codec-socks\4.1.60.Final\netty-codec-socks-4.1.60.Final.jar;C:\Users\meto\.m2\repository\io\netty\netty-handler-proxy\4.1.60.Final\netty-handler-proxy-4.1.60.Final.jar;C:\Users\meto\.m2\repository\io\netty\netty-transport-native-epoll\4.1.60.Final\netty-transport-native-epoll-4.1.60.Final-linux-x86_64.jar;C:\Users\meto\.m2\repository\io\netty\netty-transport-native-kqueue\4.1.60.Final\netty-transport-native-kqueue-4.1.60.Final-osx-x86_64.jar;C:\Users\meto\.m2\repository\com\typesafe\netty\netty-reactive-streams\2.0.4\netty-reactive-streams-2.0.4.jar;C:\Users\meto\.m2\repository\com\sun\activation\jakarta.activation\1.2.2\jakarta.activation-1.2.2.jar;C:\Users\meto\.m2\repository\org\seleniumhq\selenium\selenium-http\4.10.0\selenium-http-4.10.0.jar;C:\Users\meto\.m2\repository\dev\failsafe\failsafe\3.3.1\failsafe-3.3.1.jar;C:\Users\meto\.m2\repository\org\seleniumhq\selenium\selenium-manager\4.10.0\selenium-manager-4.10.0.jar;C:\Users\meto\.m2\repository\com\google\code\gson\gson\2.10\gson-2.10.jar;C:\Users\meto\.m2\repository\cglib\cglib\3.3.0\cglib-3.3.0.jar;C:\Users\meto\.m2\repository\org\ow2\asm\asm\7.1\asm-7.1.jar;C:\Users\meto\.m2\repository\commons-validator\commons-validator\1.7\commons-validator-1.7.jar;C:\Users\meto\.m2\repository\commons-beanutils\commons-beanutils\1.9.4\commons-beanutils-1.9.4.jar;C:\Users\meto\.m2\repository\commons-digester\commons-digester\2.1\commons-digester-2.1.jar;C:\Users\meto\.m2\repository\commons-logging\commons-logging\1.2\commons-logging-1.2.jar;C:\Users\meto\.m2\repository\commons-collections\commons-collections\3.2.2\commons-collections-3.2.2.jar;C:\Users\meto\.m2\repository\org\apache\commons\commons-lang3\3.12.0\commons-lang3-3.12.0.jar;C:\Users\meto\.m2\repository\org\slf4j\slf4j-api\2.0.5\slf4j-api-2.0.5.jar;C:\Users\meto\.m2\repository\org\testng\testng\7.7.1\testng-7.7.1.jar;C:\Users\meto\.m2\repository\com\beust\jcommander\1.82\jcommander-1.82.jar;C:\Users\meto\.m2\repository\org\webjars\jquery\3.6.1\jquery-3.6.1.jar;C:\Users\meto\.m2\repository\org\seleniumhq\selenium\selenium-support\4.8.0\selenium-support-4.8.0.jar;C:\Users\meto\.m2\repository\com\google\auto\service\auto-service-annotations\1.0.1\auto-service-annotations-1.0.1.jar;C:\Users\meto\.m2\repository\com\google\auto\service\auto-service\1.0.1\auto-service-1.0.1.jar;C:\Users\meto\.m2\repository\com\google\auto\auto-common\1.2\auto-common-1.2.jar;C:\Users\meto\.m2\repository\com\google\guava\guava\31.1-jre\guava-31.1-jre.jar;C:\Users\meto\.m2\repository\com\google\guava\failureaccess\1.0.1\failureaccess-1.0.1.jar;C:\Users\meto\.m2\repository\com\google\guava\listenablefuture\9999.0-empty-to-avoid-conflict-with-guava\listenablefuture-9999.0-empty-to-avoid-conflict-with-guava.jar;C:\Users\meto\.m2\repository\com\google\code\findbugs\jsr305\3.0.2\jsr305-3.0.2.jar;C:\Users\meto\.m2\repository\org\checkerframework\checker-qual\3.12.0\checker-qual-3.12.0.jar;C:\Users\meto\.m2\repository\com\google\errorprone\error_prone_annotations\2.11.0\error_prone_annotations-2.11.0.jar;C:\Users\meto\.m2\repository\com\google\j2objc\j2objc-annotations\1.3\j2objc-annotations-1.3.jar;C:\Users\meto\.m2\repository\net\bytebuddy\byte-buddy\1.12.22\byte-buddy-1.12.22.jar;C:\Users\meto\.m2\repository\org\seleniumhq\selenium\selenium-json\4.8.0\selenium-json-4.8.0.jar;C:\Users\meto\.m2\repository\org\json\json\20210307\json-20210307.jar;C:\Users\meto\.m2\repository\commons-io\commons-io\1.3.2\commons-io-1.3.2.jar;C:\Users\meto\.m2\repository\commons-codec\commons-codec\1.15\commons-codec-1.15.jar;C:\Users\meto\.m2\repository\org\apache\logging\log4j\log4j-core\2.14.0\log4j-core-2.14.0.jar;C:\Users\meto\.m2\repository\org\apache\logging\log4j\log4j-api\2.14.0\log4j-api-2.14.0.jar;C:\Users\meto\.m2\repository\com\aventstack\extentreports\5.0.9\extentreports-5.0.9.jar;C:\Users\meto\.m2\repository\io\reactivex\rxjava3\rxjava\3.0.4\rxjava-3.0.4.jar;C:\Users\meto\.m2\repository\org\reactivestreams\reactive-streams\1.0.3\reactive-streams-1.0.3.jar;C:\Users\meto\.m2\repository\org\freemarker\freemarker\2.3.30\freemarker-2.3.30.jar;C:\Users\meto\.m2\repository\org\projectlombok\lombok\1.18.12\lombok-1.18.12.jar;C:\Users\meto\.m2\repository\org\zeroturnaround\zt-zip\1.14\zt-zip-1.14.jar;C:\Users\meto\.m2\repository\com\sun\mail\javax.mail\1.6.2\javax.mail-1.6.2.jar;C:\Users\meto\.m2\repository\javax\activation\activation\1.1\activation-1.1.jar;"/>
    <property name="java.vm.vendor" value="Oracle Corporation"/>
    <property name="sun.arch.data.model" value="64"/>
    <property name="user.variant" value=""/>
    <property name="java.vendor.url" value="https://openjdk.java.net/"/>
    <property name="user.timezone" value="America/Bogota"/>
    <property name="java.vm.specification.version" value="11"/>
    <property name="os.name" value="Windows 11"/>
    <property name="sun.java.launcher" value="SUN_STANDARD"/>
    <property name="user.country" value="PE"/>
    <property name="sun.boot.library.path" value="C:\Program Files\Java\jdk-11.0.17\bin"/>
    <property name="sun.java.command" value="C:\Users\meto\AppData\Local\Temp\surefire17160111374958908716\surefirebooter-20230622162122441_3.jar C:\Users\meto\AppData\Local\Temp\surefire17160111374958908716 2023-06-22T16-21-22_324-jvmRun1 surefire-20230622162122441_1tmp surefire_0-20230622162122441_2tmp"/>
    <property name="jdk.debug" value="release"/>
    <property name="surefire.test.class.path" value="C:\code\AppiumFrameworkSurgir3\target\test-classes;C:\code\AppiumFrameworkSurgir3\target\classes;C:\Users\meto\.m2\repository\junit\junit\4.11\junit-4.11.jar;C:\Users\meto\.m2\repository\org\hamcrest\hamcrest-core\1.3\hamcrest-core-1.3.jar;C:\Users\meto\.m2\repository\io\appium\java-client\8.3.0\java-client-8.3.0.jar;C:\Users\meto\.m2\repository\org\seleniumhq\selenium\selenium-api\4.10.0\selenium-api-4.10.0.jar;C:\Users\meto\.m2\repository\org\seleniumhq\selenium\selenium-remote-driver\4.10.0\selenium-remote-driver-4.10.0.jar;C:\Users\meto\.m2\repository\io\netty\netty-buffer\4.1.92.Final\netty-buffer-4.1.92.Final.jar;C:\Users\meto\.m2\repository\io\netty\netty-codec-http\4.1.92.Final\netty-codec-http-4.1.92.Final.jar;C:\Users\meto\.m2\repository\io\netty\netty-codec\4.1.92.Final\netty-codec-4.1.92.Final.jar;C:\Users\meto\.m2\repository\io\netty\netty-handler\4.1.92.Final\netty-handler-4.1.92.Final.jar;C:\Users\meto\.m2\repository\io\netty\netty-common\4.1.92.Final\netty-common-4.1.92.Final.jar;C:\Users\meto\.m2\repository\io\netty\netty-transport-classes-epoll\4.1.92.Final\netty-transport-classes-epoll-4.1.92.Final.jar;C:\Users\meto\.m2\repository\io\netty\netty-transport-classes-kqueue\4.1.92.Final\netty-transport-classes-kqueue-4.1.92.Final.jar;C:\Users\meto\.m2\repository\io\netty\netty-transport-native-epoll\4.1.92.Final\netty-transport-native-epoll-4.1.92.Final.jar;C:\Users\meto\.m2\repository\io\netty\netty-transport-native-kqueue\4.1.92.Final\netty-transport-native-kqueue-4.1.92.Final.jar;C:\Users\meto\.m2\repository\io\netty\netty-transport-native-unix-common\4.1.92.Final\netty-transport-native-unix-common-4.1.92.Final.jar;C:\Users\meto\.m2\repository\io\netty\netty-transport\4.1.92.Final\netty-transport-4.1.92.Final.jar;C:\Users\meto\.m2\repository\io\netty\netty-resolver\4.1.92.Final\netty-resolver-4.1.92.Final.jar;C:\Users\meto\.m2\repository\io\opentelemetry\opentelemetry-api\1.26.0\opentelemetry-api-1.26.0.jar;C:\Users\meto\.m2\repository\io\opentelemetry\opentelemetry-context\1.26.0\opentelemetry-context-1.26.0.jar;C:\Users\meto\.m2\repository\io\opentelemetry\opentelemetry-exporter-logging\1.26.0\opentelemetry-exporter-logging-1.26.0.jar;C:\Users\meto\.m2\repository\io\opentelemetry\opentelemetry-sdk-metrics\1.26.0\opentelemetry-sdk-metrics-1.26.0.jar;C:\Users\meto\.m2\repository\io\opentelemetry\opentelemetry-extension-incubator\1.26.0-alpha\opentelemetry-extension-incubator-1.26.0-alpha.jar;C:\Users\meto\.m2\repository\io\opentelemetry\opentelemetry-sdk-logs\1.26.0-alpha\opentelemetry-sdk-logs-1.26.0-alpha.jar;C:\Users\meto\.m2\repository\io\opentelemetry\opentelemetry-api-logs\1.26.0-alpha\opentelemetry-api-logs-1.26.0-alpha.jar;C:\Users\meto\.m2\repository\io\opentelemetry\opentelemetry-api-events\1.26.0-alpha\opentelemetry-api-events-1.26.0-alpha.jar;C:\Users\meto\.m2\repository\io\opentelemetry\opentelemetry-sdk-common\1.26.0\opentelemetry-sdk-common-1.26.0.jar;C:\Users\meto\.m2\repository\io\opentelemetry\opentelemetry-sdk-extension-autoconfigure-spi\1.26.0\opentelemetry-sdk-extension-autoconfigure-spi-1.26.0.jar;C:\Users\meto\.m2\repository\io\opentelemetry\opentelemetry-sdk-extension-autoconfigure\1.26.0-alpha\opentelemetry-sdk-extension-autoconfigure-1.26.0-alpha.jar;C:\Users\meto\.m2\repository\io\opentelemetry\opentelemetry-sdk-trace\1.26.0\opentelemetry-sdk-trace-1.26.0.jar;C:\Users\meto\.m2\repository\io\opentelemetry\opentelemetry-sdk\1.26.0\opentelemetry-sdk-1.26.0.jar;C:\Users\meto\.m2\repository\io\opentelemetry\opentelemetry-semconv\1.26.0-alpha\opentelemetry-semconv-1.26.0-alpha.jar;C:\Users\meto\.m2\repository\org\apache\commons\commons-exec\1.3\commons-exec-1.3.jar;C:\Users\meto\.m2\repository\org\asynchttpclient\async-http-client\2.12.3\async-http-client-2.12.3.jar;C:\Users\meto\.m2\repository\org\asynchttpclient\async-http-client-netty-utils\2.12.3\async-http-client-netty-utils-2.12.3.jar;C:\Users\meto\.m2\repository\io\netty\netty-codec-socks\4.1.60.Final\netty-codec-socks-4.1.60.Final.jar;C:\Users\meto\.m2\repository\io\netty\netty-handler-proxy\4.1.60.Final\netty-handler-proxy-4.1.60.Final.jar;C:\Users\meto\.m2\repository\io\netty\netty-transport-native-epoll\4.1.60.Final\netty-transport-native-epoll-4.1.60.Final-linux-x86_64.jar;C:\Users\meto\.m2\repository\io\netty\netty-transport-native-kqueue\4.1.60.Final\netty-transport-native-kqueue-4.1.60.Final-osx-x86_64.jar;C:\Users\meto\.m2\repository\com\typesafe\netty\netty-reactive-streams\2.0.4\netty-reactive-streams-2.0.4.jar;C:\Users\meto\.m2\repository\com\sun\activation\jakarta.activation\1.2.2\jakarta.activation-1.2.2.jar;C:\Users\meto\.m2\repository\org\seleniumhq\selenium\selenium-http\4.10.0\selenium-http-4.10.0.jar;C:\Users\meto\.m2\repository\dev\failsafe\failsafe\3.3.1\failsafe-3.3.1.jar;C:\Users\meto\.m2\repository\org\seleniumhq\selenium\selenium-manager\4.10.0\selenium-manager-4.10.0.jar;C:\Users\meto\.m2\repository\com\google\code\gson\gson\2.10\gson-2.10.jar;C:\Users\meto\.m2\repository\cglib\cglib\3.3.0\cglib-3.3.0.jar;C:\Users\meto\.m2\repository\org\ow2\asm\asm\7.1\asm-7.1.jar;C:\Users\meto\.m2\repository\commons-validator\commons-validator\1.7\commons-validator-1.7.jar;C:\Users\meto\.m2\repository\commons-beanutils\commons-beanutils\1.9.4\commons-beanutils-1.9.4.jar;C:\Users\meto\.m2\repository\commons-digester\commons-digester\2.1\commons-digester-2.1.jar;C:\Users\meto\.m2\repository\commons-logging\commons-logging\1.2\commons-logging-1.2.jar;C:\Users\meto\.m2\repository\commons-collections\commons-collections\3.2.2\commons-collections-3.2.2.jar;C:\Users\meto\.m2\repository\org\apache\commons\commons-lang3\3.12.0\commons-lang3-3.12.0.jar;C:\Users\meto\.m2\repository\org\slf4j\slf4j-api\2.0.5\slf4j-api-2.0.5.jar;C:\Users\meto\.m2\repository\org\testng\testng\7.7.1\testng-7.7.1.jar;C:\Users\meto\.m2\repository\com\beust\jcommander\1.82\jcommander-1.82.jar;C:\Users\meto\.m2\repository\org\webjars\jquery\3.6.1\jquery-3.6.1.jar;C:\Users\meto\.m2\repository\org\seleniumhq\selenium\selenium-support\4.8.0\selenium-support-4.8.0.jar;C:\Users\meto\.m2\repository\com\google\auto\service\auto-service-annotations\1.0.1\auto-service-annotations-1.0.1.jar;C:\Users\meto\.m2\repository\com\google\auto\service\auto-service\1.0.1\auto-service-1.0.1.jar;C:\Users\meto\.m2\repository\com\google\auto\auto-common\1.2\auto-common-1.2.jar;C:\Users\meto\.m2\repository\com\google\guava\guava\31.1-jre\guava-31.1-jre.jar;C:\Users\meto\.m2\repository\com\google\guava\failureaccess\1.0.1\failureaccess-1.0.1.jar;C:\Users\meto\.m2\repository\com\google\guava\listenablefuture\9999.0-empty-to-avoid-conflict-with-guava\listenablefuture-9999.0-empty-to-avoid-conflict-with-guava.jar;C:\Users\meto\.m2\repository\com\google\code\findbugs\jsr305\3.0.2\jsr305-3.0.2.jar;C:\Users\meto\.m2\repository\org\checkerframework\checker-qual\3.12.0\checker-qual-3.12.0.jar;C:\Users\meto\.m2\repository\com\google\errorprone\error_prone_annotations\2.11.0\error_prone_annotations-2.11.0.jar;C:\Users\meto\.m2\repository\com\google\j2objc\j2objc-annotations\1.3\j2objc-annotations-1.3.jar;C:\Users\meto\.m2\repository\net\bytebuddy\byte-buddy\1.12.22\byte-buddy-1.12.22.jar;C:\Users\meto\.m2\repository\org\seleniumhq\selenium\selenium-json\4.8.0\selenium-json-4.8.0.jar;C:\Users\meto\.m2\repository\org\json\json\20210307\json-20210307.jar;C:\Users\meto\.m2\repository\commons-io\commons-io\1.3.2\commons-io-1.3.2.jar;C:\Users\meto\.m2\repository\commons-codec\commons-codec\1.15\commons-codec-1.15.jar;C:\Users\meto\.m2\repository\org\apache\logging\log4j\log4j-core\2.14.0\log4j-core-2.14.0.jar;C:\Users\meto\.m2\repository\org\apache\logging\log4j\log4j-api\2.14.0\log4j-api-2.14.0.jar;C:\Users\meto\.m2\repository\com\aventstack\extentreports\5.0.9\extentreports-5.0.9.jar;C:\Users\meto\.m2\repository\io\reactivex\rxjava3\rxjava\3.0.4\rxjava-3.0.4.jar;C:\Users\meto\.m2\repository\org\reactivestreams\reactive-streams\1.0.3\reactive-streams-1.0.3.jar;C:\Users\meto\.m2\repository\org\freemarker\freemarker\2.3.30\freemarker-2.3.30.jar;C:\Users\meto\.m2\repository\org\projectlombok\lombok\1.18.12\lombok-1.18.12.jar;C:\Users\meto\.m2\repository\org\zeroturnaround\zt-zip\1.14\zt-zip-1.14.jar;C:\Users\meto\.m2\repository\com\sun\mail\javax.mail\1.6.2\javax.mail-1.6.2.jar;C:\Users\meto\.m2\repository\javax\activation\activation\1.1\activation-1.1.jar;"/>
    <property name="sun.cpu.endian" value="little"/>
    <property name="user.home" value="C:\Users\meto"/>
    <property name="user.language" value="es"/>
    <property name="java.specification.vendor" value="Oracle Corporation"/>
    <property name="java.version.date" value="2022-10-18"/>
    <property name="java.home" value="C:\Program Files\Java\jdk-11.0.17"/>
    <property name="file.separator" value="\"/>
    <property name="basedir" value="C:\code\AppiumFrameworkSurgir3"/>
    <property name="java.vm.compressedOopsMode" value="Zero based"/>
    <property name="line.separator" value="&#10;"/>
    <property name="java.specification.name" value="Java Platform API Specification"/>
    <property name="java.vm.specification.vendor" value="Oracle Corporation"/>
    <property name="java.awt.graphicsenv" value="sun.awt.Win32GraphicsEnvironment"/>
    <property name="surefire.real.class.path" value="C:\Users\meto\AppData\Local\Temp\surefire17160111374958908716\surefirebooter-20230622162122441_3.jar"/>
    <property name="user.script" value=""/>
    <property name="sun.management.compiler" value="HotSpot 64-Bit Tiered Compilers"/>
    <property name="java.runtime.version" value="11.0.17+10-LTS-269"/>
    <property name="user.name" value="meto"/>
    <property name="path.separator" value=";"/>
    <property name="os.version" value="10.0"/>
    <property name="java.runtime.name" value="Java(TM) SE Runtime Environment"/>
    <property name="file.encoding" value="Cp1252"/>
    <property name="java.vm.name" value="Java HotSpot(TM) 64-Bit Server VM"/>
    <property name="java.vendor.version" value="18.9"/>
    <property name="localRepository" value="C:\Users\meto\.m2\repository"/>
    <property name="java.vendor.url.bug" value="https://bugreport.java.com/bugreport/"/>
    <property name="java.io.tmpdir" value="C:\Users\meto\AppData\Local\Temp\"/>
    <property name="java.version" value="11.0.17"/>
    <property name="user.dir" value="C:\code\AppiumFrameworkSurgir3"/>
    <property name="os.arch" value="amd64"/>
    <property name="java.vm.specification.name" value="Java Virtual Machine Specification"/>
    <property name="java.awt.printerjob" value="sun.awt.windows.WPrinterJob"/>
    <property name="sun.os.patch.level" value=""/>
    <property name="java.library.path" value="C:\Program Files\Java\jdk-11.0.17\bin;C:\WINDOWS\Sun\Java\bin;C:\WINDOWS\system32;C:\WINDOWS;C:/Program Files/Java/jdk-11.0.17/bin/server;C:/Program Files/Java/jdk-11.0.17/bin;C:\Program Files\Java\jdk-11.0.17\bin;C:\Program Files\Java\jre1.8.0_171\bin;C:\apache\apache-tomcat-8.5.69\lib;C:\Program Files\Java\jdk1.8.0_171\bin;C:\Program Files\Common Files\Oracle\Java\javapath;C:\Program Files (x86)\Common Files\Oracle\Java\javapath;C:\WINDOWS\system32;C:\WINDOWS;C:\WINDOWS\System32\Wbem;C:\WINDOWS\System32\WindowsPowerShell\v1.0\;C:\WINDOWS\System32\OpenSSH\;C:\Users\meto\AppData\Local\Android\Sdk\tools;C:\Users\meto\AppData\Local\Android\Sdk\platform-tools;C:\Users\meto\AppData\Local\Android\Sdk\tools\bin;C:\Program Files\Android\Android Studio\jre\bin;rogram Files\Common Files\Oracle\Java\javapath;C:\Drivers\platform-tools_r31.0.2-windows;C:\sonar-scanner-4.6.2.2472-windows\bin;C:\Users\meto\AppData\Local\Android\Sdk\tools\bin;C:\Users\meto\AppData\Local\Android\Sdk\tools;C:\Users\meto\AppData\Local\Android\Sdk\platform-tools;C:\Program Files (x86)\GtkSharp\2.12\bin;C:\Program Files\dotnet\;M2=C:\apache\apache-maven-3.8.1\bin;C:\Program Files\Azure Data Studio\bin;C:\ProgramData\chocolatey\bin;C:\Program Files\Git\cmd;C:\Program Files\PowerShell\7\;C:\Program Files (x86)\Microsoft SQL Server\160\DTS\Binn\;C:\opt\apache-maven-3.9.1\bin;C:\Program Files\nodejs\;C:\Users\meto\AppData\Local\Microsoft\WindowsApps;C:\Program Files\nodejs;C:\Users\meto\AppData\Roaming\npm;C:\Users\meto\AppData\Local\GitHubDesktop\bin;C:\Users\meto\AppData\Local\Programs\Microsoft VS Code\bin;C:\Santander-Surgir\Instaladores\eclipse;;."/>
    <property name="java.vendor" value="Oracle Corporation"/>
    <property name="java.vm.info" value="mixed mode"/>
    <property name="java.vm.version" value="11.0.17+10-LTS-269"/>
    <property name="sun.io.unicode.encoding" value="UnicodeLittle"/>
    <property name="java.class.version" value="55.0"/>
  </properties>
  <testcase name="setup[org.testng.TestRunner@254f906e](0)" classname="org.meto.appium.tests.TFCustomerGuarantor" time="176.545">
    <failure message="Could not start a new session. Response code 500. Message: An unknown server-side error occurred while processing the command. Original error: Error executing adbExec. Original error: &apos;Command &apos;C:\\Users\\meto\\AppData\\Local\\Android\\Sdk\\platform-tools\\adb.exe -P 5037 -s 5200fa184e619579 install C:\\code\\AppiumFrameworkSurgir3//src//test//resources//app//Surgir_debug_5.0.0_Release5.0.0.apk&apos; timed out after 90000ms&apos;. Try to increase the 90000ms adb execution timeout represented by &apos;androidInstallTimeout&apos; capability &#10;Host info: host: &apos;PERU-METO&apos;, ip: &apos;10.6.116.101&apos;&#10;Build info: version: &apos;4.10.0&apos;, revision: &apos;c14d967899&apos;&#10;System info: os.name: &apos;Windows 11&apos;, os.arch: &apos;amd64&apos;, os.version: &apos;10.0&apos;, java.version: &apos;11.0.17&apos;&#10;Driver info: io.appium.java_client.android.AndroidDriver&#10;Command: [null, newSession {capabilities=[{appium:udid=5200fa184e619579, appium:ignoreHiddenApiPolicyError=true, appium:chromedriverExecutable=C:\code\AppiumFrameworkSurgir3//src//test//resources//driver//chromedriver, appium:appWaitActivity=.ui.login.LoginActivity,.ui.splash.SplashActivity, appium:deviceName=samsung SM-T395, platformName=ANDROID, appium:automationName=UIAutomator2, appium:app=C:\code\AppiumFrameworkSurgir3//src//test//resources//app//Surgir_debug_5.0.0_Release5.0.0.apk}], desiredCapabilities=Capabilities {appium:app: C:\code\AppiumFrameworkSurg..., appium:appWaitActivity: .ui.login.LoginActivity,.ui..., appium:automationName: UIAutomator2, appium:chromedriverExecutable: C:\code\AppiumFrameworkSurg..., appium:deviceName: samsung SM-T395, appium:ignoreHiddenApiPolicyError: true, appium:udid: 5200fa184e619579, platformName: ANDROID}}]&#10;Capabilities {appium:app: C:\code\AppiumFrameworkSurg..., appium:appWaitActivity: .ui.login.LoginActivity,.ui..., appium:automationName: UIAutomator2, appium:chromedriverExecutable: C:\code\AppiumFrameworkSurg..., appium:deviceName: samsung SM-T395, appium:ignoreHiddenApiPolicyError: true, appium:udid: 5200fa184e619579, platformName: ANDROID}" type="org.openqa.selenium.SessionNotCreatedException"><![CDATA[org.openqa.selenium.SessionNotCreatedException: 
Could not start a new session. Response code 500. Message: An unknown server-side error occurred while processing the command. Original error: Error executing adbExec. Original error: 'Command 'C:\\Users\\meto\\AppData\\Local\\Android\\Sdk\\platform-tools\\adb.exe -P 5037 -s 5200fa184e619579 install C:\\code\\AppiumFrameworkSurgir3//src//test//resources//app//Surgir_debug_5.0.0_Release5.0.0.apk' timed out after 90000ms'. Try to increase the 90000ms adb execution timeout represented by 'androidInstallTimeout' capability 
Host info: host: 'PERU-METO', ip: '10.6.116.101'
Build info: version: '4.10.0', revision: 'c14d967899'
System info: os.name: 'Windows 11', os.arch: 'amd64', os.version: '10.0', java.version: '11.0.17'
Driver info: io.appium.java_client.android.AndroidDriver
Command: [null, newSession {capabilities=[{appium:udid=5200fa184e619579, appium:ignoreHiddenApiPolicyError=true, appium:chromedriverExecutable=C:\code\AppiumFrameworkSurgir3//src//test//resources//driver//chromedriver, appium:appWaitActivity=.ui.login.LoginActivity,.ui.splash.SplashActivity, appium:deviceName=samsung SM-T395, platformName=ANDROID, appium:automationName=UIAutomator2, appium:app=C:\code\AppiumFrameworkSurgir3//src//test//resources//app//Surgir_debug_5.0.0_Release5.0.0.apk}], desiredCapabilities=Capabilities {appium:app: C:\code\AppiumFrameworkSurg..., appium:appWaitActivity: .ui.login.LoginActivity,.ui..., appium:automationName: UIAutomator2, appium:chromedriverExecutable: C:\code\AppiumFrameworkSurg..., appium:deviceName: samsung SM-T395, appium:ignoreHiddenApiPolicyError: true, appium:udid: 5200fa184e619579, platformName: ANDROID}}]
Capabilities {appium:app: C:\code\AppiumFrameworkSurg..., appium:appWaitActivity: .ui.login.LoginActivity,.ui..., appium:automationName: UIAutomator2, appium:chromedriverExecutable: C:\code\AppiumFrameworkSurg..., appium:deviceName: samsung SM-T395, appium:ignoreHiddenApiPolicyError: true, appium:udid: 5200fa184e619579, platformName: ANDROID}
	at org.openqa.selenium.remote.ProtocolHandshake.createSession(ProtocolHandshake.java:140)
	at java.base/jdk.internal.reflect.NativeMethodAccessorImpl.invoke0(Native Method)
	at java.base/jdk.internal.reflect.NativeMethodAccessorImpl.invoke(NativeMethodAccessorImpl.java:62)
	at java.base/jdk.internal.reflect.DelegatingMethodAccessorImpl.invoke(DelegatingMethodAccessorImpl.java:43)
	at java.base/java.lang.reflect.Method.invoke(Method.java:566)
	at io.appium.java_client.remote.AppiumProtocolHandshake.createSession(AppiumProtocolHandshake.java:133)
	at io.appium.java_client.remote.AppiumProtocolHandshake.createSession(AppiumProtocolHandshake.java:102)
	at io.appium.java_client.remote.AppiumCommandExecutor.createSession(AppiumCommandExecutor.java:194)
	at io.appium.java_client.remote.AppiumCommandExecutor.execute(AppiumCommandExecutor.java:262)
	at org.openqa.selenium.remote.RemoteWebDriver.execute(RemoteWebDriver.java:531)
	at io.appium.java_client.AppiumDriver.startSession(AppiumDriver.java:229)
	at org.openqa.selenium.remote.RemoteWebDriver.<init>(RemoteWebDriver.java:154)
	at io.appium.java_client.AppiumDriver.<init>(AppiumDriver.java:80)
	at io.appium.java_client.AppiumDriver.<init>(AppiumDriver.java:92)
	at io.appium.java_client.android.AndroidDriver.<init>(AndroidDriver.java:117)
	at org.meto.appium.base.TestBase.setup(TestBase.java:72)
	at java.base/jdk.internal.reflect.NativeMethodAccessorImpl.invoke0(Native Method)
	at java.base/jdk.internal.reflect.NativeMethodAccessorImpl.invoke(NativeMethodAccessorImpl.java:62)
	at java.base/jdk.internal.reflect.DelegatingMethodAccessorImpl.invoke(DelegatingMethodAccessorImpl.java:43)
	at java.base/java.lang.reflect.Method.invoke(Method.java:566)
	at org.testng.internal.invokers.MethodInvocationHelper.invokeMethod(MethodInvocationHelper.java:139)
	at org.testng.internal.invokers.MethodInvocationHelper.invokeMethodConsideringTimeout(MethodInvocationHelper.java:69)
	at org.testng.internal.invokers.ConfigInvoker.invokeConfigurationMethod(ConfigInvoker.java:361)
	at org.testng.internal.invokers.ConfigInvoker.invokeConfigurations(ConfigInvoker.java:296)
	at org.testng.SuiteRunner.privateRun(SuiteRunner.java:376)
	at org.testng.SuiteRunner.run(SuiteRunner.java:330)
	at org.testng.SuiteRunnerWorker.runSuite(SuiteRunnerWorker.java:52)
	at org.testng.SuiteRunnerWorker.run(SuiteRunnerWorker.java:95)
	at org.testng.TestNG.runSuitesSequentially(TestNG.java:1256)
	at org.testng.TestNG.runSuitesLocally(TestNG.java:1176)
	at org.testng.TestNG.runSuites(TestNG.java:1099)
	at org.testng.TestNG.run(TestNG.java:1067)
	at org.apache.maven.surefire.testng.TestNGExecutor.run(TestNGExecutor.java:308)
	at org.apache.maven.surefire.testng.TestNGXmlTestSuite.execute(TestNGXmlTestSuite.java:71)
	at org.apache.maven.surefire.testng.TestNGProvider.invoke(TestNGProvider.java:113)
	at org.apache.maven.surefire.booter.ForkedBooter.runSuitesInProcess(ForkedBooter.java:385)
	at org.apache.maven.surefire.booter.ForkedBooter.execute(ForkedBooter.java:162)
	at org.apache.maven.surefire.booter.ForkedBooter.run(ForkedBooter.java:507)
	at org.apache.maven.surefire.booter.ForkedBooter.main(ForkedBooter.java:495)
]]></failure>
    <system-err><![CDATA[SLF4J: No SLF4J providers were found.
SLF4J: Defaulting to no-operation (NOP) logger implementation
SLF4J: See https://www.slf4j.org/codes.html#noProviders for further details.
]]></system-err>
  </testcase>
  <testcase name="beforeMethod" classname="org.meto.appium.tests.TFCustomerGuarantor" time="0">
    <skipped/>
  </testcase>
  <testcase name="FillCustomerGuarantor" classname="org.meto.appium.tests.TFCustomerGuarantor" time="0">
    <skipped message="Could not start a new session. Response code 500. Message: An unknown server-side error occurred while processing the command. Original error: Error executing adbExec. Original error: &apos;Command &apos;C:\\Users\\meto\\AppData\\Local\\Android\\Sdk\\platform-tools\\adb.exe -P 5037 -s 5200fa184e619579 install C:\\code\\AppiumFrameworkSurgir3//src//test//resources//app//Surgir_debug_5.0.0_Release5.0.0.apk&apos; timed out after 90000ms&apos;. Try to increase the 90000ms adb execution timeout represented by &apos;androidInstallTimeout&apos; capability &#10;Host info: host: &apos;PERU-METO&apos;, ip: &apos;10.6.116.101&apos;&#10;Build info: version: &apos;4.10.0&apos;, revision: &apos;c14d967899&apos;&#10;System info: os.name: &apos;Windows 11&apos;, os.arch: &apos;amd64&apos;, os.version: &apos;10.0&apos;, java.version: &apos;11.0.17&apos;&#10;Driver info: io.appium.java_client.android.AndroidDriver&#10;Command: [null, newSession {capabilities=[{appium:udid=5200fa184e619579, appium:ignoreHiddenApiPolicyError=true, appium:chromedriverExecutable=C:\code\AppiumFrameworkSurgir3//src//test//resources//driver//chromedriver, appium:appWaitActivity=.ui.login.LoginActivity,.ui.splash.SplashActivity, appium:deviceName=samsung SM-T395, platformName=ANDROID, appium:automationName=UIAutomator2, appium:app=C:\code\AppiumFrameworkSurgir3//src//test//resources//app//Surgir_debug_5.0.0_Release5.0.0.apk}], desiredCapabilities=Capabilities {appium:app: C:\code\AppiumFrameworkSurg..., appium:appWaitActivity: .ui.login.LoginActivity,.ui..., appium:automationName: UIAutomator2, appium:chromedriverExecutable: C:\code\AppiumFrameworkSurg..., appium:deviceName: samsung SM-T395, appium:ignoreHiddenApiPolicyError: true, appium:udid: 5200fa184e619579, platformName: ANDROID}}]&#10;Capabilities {appium:app: C:\code\AppiumFrameworkSurg..., appium:appWaitActivity: .ui.login.LoginActivity,.ui..., appium:automationName: UIAutomator2, appium:chromedriverExecutable: C:\code\AppiumFrameworkSurg..., appium:deviceName: samsung SM-T395, appium:ignoreHiddenApiPolicyError: true, appium:udid: 5200fa184e619579, platformName: ANDROID}"/>
  </testcase>
  <testcase name="teardown" classname="org.meto.appium.tests.TFCustomerGuarantor" time="0">
    <skipped/>
  </testcase>
  <testcase name="beforeMethod" classname="org.meto.appium.tests.TFLogin" time="0">
    <skipped/>
  </testcase>
  <testcase name="FillForm" classname="org.meto.appium.tests.TFLogin" time="0">
    <skipped/>
  </testcase>
  <testcase name="beforeMethod" classname="org.meto.appium.tests.TFProspect" time="0">
    <skipped/>
  </testcase>
  <testcase name="FillProspect" classname="org.meto.appium.tests.TFProspect" time="0">
    <skipped/>
  </testcase>
  <testcase name="beforeMethod" classname="org.meto.appium.tests.TFCustomer" time="0">
    <skipped/>
  </testcase>
  <testcase name="FillCustomer" classname="org.meto.appium.tests.TFCustomer" time="0">
    <skipped/>
  </testcase>
  <testcase name="beforeMethod" classname="org.meto.appium.tests.TFBusiness" time="0">
    <skipped/>
  </testcase>
  <testcase name="FillBusiness" classname="org.meto.appium.tests.TFBusiness" time="0">
    <skipped/>
  </testcase>
  <testcase name="beforeMethod" classname="org.meto.appium.tests.TFRse" time="0">
    <skipped/>
  </testcase>
  <testcase name="FillRse" classname="org.meto.appium.tests.TFRse" time="0">
    <skipped/>
  </testcase>
  <testcase name="beforeMethod" classname="org.meto.appium.tests.TFProposal" time="0">
    <skipped/>
  </testcase>
  <testcase name="FillProposal" classname="org.meto.appium.tests.TFProposal" time="0">
    <skipped/>
  </testcase>
  <testcase name="beforeMethod" classname="org.meto.appium.tests.TFContract" time="0">
    <skipped/>
  </testcase>
  <testcase name="FillContract" classname="org.meto.appium.tests.TFContract" time="0">
    <skipped/>
  </testcase>
  <testcase name="beforeMethod" classname="org.meto.appium.tests.TFSignature" time="0">
    <skipped/>
  </testcase>
  <testcase name="FillSignature" classname="org.meto.appium.tests.TFSignature" time="0">
    <skipped/>
  </testcase>
  <testcase name="beforeMethod" classname="org.meto.appium.tests.TFGuarantor" time="0">
    <skipped/>
  </testcase>
  <testcase name="FillGuarantor" classname="org.meto.appium.tests.TFGuarantor" time="0">
    <skipped/>
  </testcase>
</testsuite>