<?xml version="1.0" encoding="UTF-8"?>
<!-- Generated by org.testng.reporters.JUnitReportReporter -->
<testsuite hostname="9NWBY93-METO" failures="0" tests="1" name="org.meto.appium.tests.TFBusiness" time="20.575" errors="0" timestamp="2023-03-21T14:57:13 PET" skipped="0">
  <testcase classname="org.meto.appium.tests.TFBusiness" name="FillBusiness" time="20.575"/>
  <system-out/>
</testsuite> <!-- org.meto.appium.tests.TFBusiness -->
