<?xml version="1.0" encoding="UTF-8"?>
<!-- Generated by org.testng.reporters.JUnitReportReporter -->
<testsuite hostname="PERU-METO" failures="0" tests="1" name="org.meto.appium.tests.TFBusiness" time="28.208" errors="0" timestamp="2023-06-22T10:40:13 COT" skipped="0">
  <testcase classname="org.meto.appium.tests.TFBusiness" name="FillBusiness" time="28.208"/>
  <system-out/>
</testsuite> <!-- org.meto.appium.tests.TFBusiness -->
