<?xml version="1.0" encoding="UTF-8"?>
<!-- Generated by org.testng.reporters.JUnitReportReporter -->
<testsuite hostname="9NWBY93-METO" failures="0" tests="1" name="org.meto.appium.tests.TFCustomer" time="146.811" errors="0" timestamp="2023-03-21T14:57:13 PET" skipped="0">
  <testcase classname="org.meto.appium.tests.TFCustomer" name="FillCustomer" time="146.811"/>
  <system-out/>
</testsuite> <!-- org.meto.appium.tests.TFCustomer -->
