<?xml version="1.0" encoding="UTF-8"?>
<!-- Generated by org.testng.reporters.JUnitReportReporter -->
<testsuite hostname="PERU-METO" failures="0" tests="1" name="org.meto.appium.tests.TFProposal" time="0.000" errors="0" timestamp="2023-06-22T16:24:20 COT" skipped="1">
  <testcase classname="org.meto.appium.tests.TFProposal" name="FillProposal" time="0.000">
    <skipped/>
  </testcase> <!-- FillProposal -->
  <system-out/>
</testsuite> <!-- org.meto.appium.tests.TFProposal -->
